::1 - - [16/Nov/2020:16:34:46 +0000] "GET /contacts/1 HTTP/1.1" 200 106 "-" "PostmanRuntime/7.26.8"
::1 - - [23/Nov/2020:16:09:49 +0000] "GET /contacts/ HTTP/1.1" 200 2 "-" "PostmanRuntime/7.26.8"
::1 - - [23/Nov/2020:16:24:04 +0000] "POST /contacts/ HTTP/1.1" 201 13 "-" "PostmanRuntime/7.26.8"
::1 - - [23/Nov/2020:16:26:33 +0000] "GET /contacts/ HTTP/1.1" 200 2 "-" "PostmanRuntime/7.26.8"
::1 - - [23/Nov/2020:16:30:31 +0000] "GET /contacts/ HTTP/1.1" 200 91 "-" "PostmanRuntime/7.26.8"
::1 - - [23/Nov/2020:16:30:53 +0000] "PATCH /contacts/ HTTP/1.1" 404 150 "-" "PostmanRuntime/7.26.8"
::1 - - [23/Nov/2020:16:33:06 +0000] "POST /contacts/ HTTP/1.1" 201 13 "-" "PostmanRuntime/7.26.8"
::1 - - [23/Nov/2020:16:37:47 +0000] "POST /contacts/ HTTP/1.1" 201 96 "-" "PostmanRuntime/7.26.8"
::1 - - [23/Nov/2020:16:51:17 +0000] "PATCH /contacts/ HTTP/1.1" 404 150 "-" "PostmanRuntime/7.26.8"
::1 - - [23/Nov/2020:16:52:12 +0000] "GET /contacts/ HTTP/1.1" 200 91 "-" "PostmanRuntime/7.26.8"
::1 - - [23/Nov/2020:16:53:24 +0000] "PATCH /contacts/ HTTP/1.1" 404 150 "-" "PostmanRuntime/7.26.8"
::1 - - [23/Nov/2020:16:53:41 +0000] "PATCH /contacts/ HTTP/1.1" 404 150 "-" "PostmanRuntime/7.26.8"
::1 - - [23/Nov/2020:16:56:22 +0000] "PATCH /contacts/ HTTP/1.1" 400 1058 "-" "PostmanRuntime/7.26.8"
::1 - - [23/Nov/2020:16:56:33 +0000] "PATCH /contacts/ HTTP/1.1" 404 150 "-" "PostmanRuntime/7.26.8"
::1 - - [23/Nov/2020:16:58:53 +0000] "PATCH /contacts/ HTTP/1.1" 404 150 "-" "PostmanRuntime/7.26.8"
::1 - - [23/Nov/2020:17:05:34 +0000] "GET / HTTP/1.1" 404 139 "-" "Mozilla/5.0 (Windows NT 10.0; Win64; x64) AppleWebKit/537.36 (KHTML, like Gecko) Chrome/86.0.4240.183 Safari/537.36"
::1 - - [23/Nov/2020:17:07:34 +0000] "PATCH /contacts/ HTTP/1.1" 404 150 "-" "PostmanRuntime/7.26.8"
::1 - - [24/Nov/2020:16:39:50 +0000] "PATCH /contacts/ HTTP/1.1" 404 150 "-" "PostmanRuntime/7.26.8"
::1 - - [24/Nov/2020:16:40:13 +0000] "PATCH /contacts/ HTTP/1.1" 200 87 "-" "PostmanRuntime/7.26.8"
::1 - - [24/Nov/2020:16:52:03 +0000] "GET /contacts/ HTTP/1.1" 200 178 "-" "PostmanRuntime/7.26.8"
::1 - - [24/Nov/2020:16:52:33 +0000] "DELETE /contacts/5fbbe36836c09f3a60b5b46f HTTP/1.1" 200 4 "-" "PostmanRuntime/7.26.8"
::1 - - [24/Nov/2020:16:54:10 +0000] "DELETE /contacts/5fbbe36836c09f3a60b5b46f HTTP/1.1" 500 1338 "-" "PostmanRuntime/7.26.8"
::1 - - [24/Nov/2020:16:54:46 +0000] "DELETE /contacts/5fbbe36836c09f3a60b5b46f HTTP/1.1" 200 - "-" "PostmanRuntime/7.26.8"
::1 - - [24/Nov/2020:17:14:45 +0000] "GET /contacts/ HTTP/1.1" 200 90 "-" "PostmanRuntime/7.26.8"
::1 - - [24/Nov/2020:17:15:43 +0000] "GET /contacts/ HTTP/1.1" 200 185 "-" "PostmanRuntime/7.26.8"
::1 - - [24/Nov/2020:17:21:00 +0000] "GET /contacts?id=5fbd3a1e36c09f3a60b5b470 HTTP/1.1" 200 283 "-" "PostmanRuntime/7.26.8"
::1 - - [24/Nov/2020:17:21:24 +0000] "GET /contacts/?id=5fbd3a1e36c09f3a60b5b470 HTTP/1.1" 200 283 "-" "PostmanRuntime/7.26.8"
::1 - - [24/Nov/2020:17:23:49 +0000] "GET /contacts/5fbd3a1e36c09f3a60b5b470 HTTP/1.1" 200 283 "-" "PostmanRuntime/7.26.8"
::1 - - [24/Nov/2020:17:25:57 +0000] "GET /contacts/5fbd3a1e36c09f3a60b5b470 HTTP/1.1" 200 283 "-" "PostmanRuntime/7.26.8"
::1 - - [24/Nov/2020:17:27:35 +0000] "GET /contacts/5fbd3a1e36c09f3a60b5b470 HTTP/1.1" 200 4 "-" "PostmanRuntime/7.26.8"
::1 - - [24/Nov/2020:17:27:54 +0000] "GET /contacts/5fbd3a1e36c09f3a60b5b470 HTTP/1.1" 200 283 "-" "PostmanRuntime/7.26.8"
::1 - - [24/Nov/2020:17:30:19 +0000] "GET /contacts/5fbd3a1e36c09f3a60b5b470 HTTP/1.1" 200 4 "-" "PostmanRuntime/7.26.8"
::1 - - [24/Nov/2020:17:33:21 +0000] "GET /contacts/5fbd3a1e36c09f3a60b5b470 HTTP/1.1" 200 4 "-" "PostmanRuntime/7.26.8"
::1 - - [24/Nov/2020:17:34:32 +0000] "GET /contacts/ HTTP/1.1" 200 283 "-" "PostmanRuntime/7.26.8"
::1 - - [24/Nov/2020:17:34:49 +0000] "GET /contacts/5fbd3fb636c09f3a60b5b471 HTTP/1.1" 200 4 "-" "PostmanRuntime/7.26.8"
::1 - - [24/Nov/2020:17:36:19 +0000] "GET /contacts/5fbd3fb636c09f3a60b5b471 HTTP/1.1" 200 4 "-" "PostmanRuntime/7.26.8"
::1 - - [24/Nov/2020:17:37:35 +0000] "GET /contacts/5fbd3fb636c09f3a60b5b471 HTTP/1.1" 500 2316 "-" "PostmanRuntime/7.26.8"
::1 - - [24/Nov/2020:17:39:34 +0000] "GET /contacts?id=5fbd3fb636c09f3a60b5b471 HTTP/1.1" 200 283 "-" "PostmanRuntime/7.26.8"
::1 - - [24/Nov/2020:17:53:23 +0000] "GET /contacts?id=5fbd3fb636c09f3a60b5b471 HTTP/1.1" 200 283 "-" "PostmanRuntime/7.26.8"
::1 - - [24/Nov/2020:17:56:38 +0000] "GET /contacts HTTP/1.1" 200 283 "-" "PostmanRuntime/7.26.8"
::1 - - [24/Nov/2020:17:56:57 +0000] "GET /contacts/5fbd3a1e36c09f3a60b5b470 HTTP/1.1" 500 2316 "-" "PostmanRuntime/7.26.8"
::1 - - [24/Nov/2020:17:57:48 +0000] "GET /contacts/ HTTP/1.1" 200 283 "-" "PostmanRuntime/7.26.8"
::1 - - [24/Nov/2020:18:02:40 +0000] "GET /contacts/5fbd3a1e36c09f3a60b5b470 HTTP/1.1" 500 2316 "-" "PostmanRuntime/7.26.8"
::1 - - [24/Nov/2020:18:04:18 +0000] "GET /contacts/5fbd3a1e36c09f3a60b5b470 HTTP/1.1" 200 107 "-" "PostmanRuntime/7.26.8"
::1 - - [24/Nov/2020:18:05:39 +0000] "DELETE /contacts/5fbd3a1e36c09f3a60b5b470 HTTP/1.1" 200 - "-" "PostmanRuntime/7.26.8"
::1 - - [24/Nov/2020:18:05:58 +0000] "GET /contacts/ HTTP/1.1" 200 194 "-" "PostmanRuntime/7.26.8"
::1 - - [24/Nov/2020:18:06:31 +0000] "GET /contacts/5fbd3fb636c09f3a60b5b471 HTTP/1.1" 200 107 "-" "PostmanRuntime/7.26.8"
::1 - - [24/Nov/2020:18:06:49 +0000] "GET /contacts/ HTTP/1.1" 200 194 "-" "PostmanRuntime/7.26.8"
::1 - - [24/Nov/2020:18:07:00 +0000] "GET /contacts/5fbd3fb636c09f3a60b5b471 HTTP/1.1" 200 107 "-" "PostmanRuntime/7.26.8"
::1 - - [24/Nov/2020:18:08:10 +0000] "GET /contacts/ HTTP/1.1" 200 194 "-" "PostmanRuntime/7.26.8"
::1 - - [24/Nov/2020:18:08:16 +0000] "GET /contacts/5fbd3fb636c09f3a60b5b471 HTTP/1.1" 500 2316 "-" "PostmanRuntime/7.26.8"
::1 - - [24/Nov/2020:18:12:54 +0000] "GET /contacts/5fbd3fb636c09f3a60b5b471 HTTP/1.1" 500 2316 "-" "PostmanRuntime/7.26.8"
::1 - - [24/Nov/2020:18:19:34 +0000] "GET /contacts/5fbd3fb636c09f3a60b5b471 HTTP/1.1" 200 94 "-" "PostmanRuntime/7.26.8"
::1 - - [24/Nov/2020:18:38:35 +0000] "GET /contacts/ HTTP/1.1" 200 1728 "-" "PostmanRuntime/7.26.8"
